1139 9c778ee1ff5860625c896e6c217ddd4c
1180 30f4eae0cd94d6b221e3f54ddd445b27
1190 4d88a1482071ce04ddd3822a6dd8e227
1304 39925b68adf5818d41a2b56ddd05eac1
1340 cbb8c6325dd00ab768c09addda5d00bc
1462 42dac57d2f96df60099d98e83dcddd80
1615 14e8825cc989ddd8413dd5da207fe304
1806 29eaa3808bcbd361ec71befeeb54ddda
1820 d631c43c754ddd4ac2796850201e8bb7
1891 bd414c2ddd33808b89cd90fa635ea7f2
2771 ecdf1be9bbede09c6badea201115c86b
2810 f225cf91110c48b3d5f829395935ba35
2922 da103fb823121119318c3237f2aee73c
3042 5d565a884232dc9da6a111dc9e484af0
3392 c78ae7f5fcb788037111f369a43a1734
3581 0f89111ed2113cdf0ed27adcc9f27aea
3673 eb7c5bc637c0104c21ea3c41119962bf
3700 73111e3575609adcf7d04828eb7c40fa
7958 209a64af95c43a4b63bb4f33312d5e2d
8101 6d1b433315d9e16c7ddfc69b885337c3
8318 bd5811565333bdf79233c2e21d7e4524
8529 ad333d9cc7287aaa46701fa55fa53b5e
8640 cd8b3df55f9f37222d33399970229870
8694 8d210d9fe63334a3c45a4a6017226030
15969 54dec683b35cf57772ac38245e01126e
16398 c777c9bfc728d0f93b318ac7c8cc1c80
16853 a22b31e7ae502838b54920d0c8884265
17083 330f2f8885f97674fa03c91f7f33ff74
17236 fb6ae54b3fe5e3f75ee08b7627b888d4
17617 0cff1f1c323c3752798886de14279323
17721 3f77d288847a52b1dad537336a76632d
20769 72faeb5ae533e433356cf8bf27e052e1
20885 5c3b6e11e10da4f42d7cc80d1333f057
21009 bf0b4d7a3a72907e1a7b5333dc6064b7
21277 01a50645063788a44009ae53e33336b4
21378 a53d333bab784000fbf6181d9a467973
21557 9db594390533329d473cb86c614c33c7
21684 e14deed4247b14c2e64333f737c5b52b
23191 2ceeadbf275bcb555d578c71ebceac29
23237 3f6ab0ddad2a6726b6e8a35554960d6b
23274 b65550c3fcba3f9dcc4d847b6787515c
23289 ebff38469d3597102c2ecaeafff7856d
23340 ad97fffbfd54a497da70ca2c99cae7a5
23421 2c0baa7fad29555dddb98b4c043c6275
23486 30dff557bbafe362a7ae457fa5557cae
23506 20fc8cef0302c26a15559dca988582fd
23608 b11b88555eabb54d2142f2c447a75a80
23653 1fffae7652f5d7527063df89d3f6a24f
23691 08418dafff979f480e04d495049a911e
23700 72368ebc1992cb51c145b4b0f5a65550
23803 82284761b958f27f14d67d49c9ff5555
23916 ab7be721af148555b3f1c471dea03755
24007 caeebd8495c7f28ce87efff000896520
24053 d302ce0210a31cc623c083c5102555d9
24167 457cc1afe405d15dfff6445659668908
24169 ffff45eec50dea44f165f30a77bcac29
34300 38800fcc079ba97160f222a67a3e0329
34463 278903002226c975d8f5cdc0d5c3ece2
34487 42acab72d7c6c222fa7301492a6beb97
34638 ce4e4d2221044d8e9b2dd973bc4cbbd3
34769 dba92222556c3a573d65092e7ae0363c
35162 d3f04eb5c2229a3bfb4c62545b377840
35170 2229193f38afdb28a60e9684dc8123c8
35171 a3fead517f222309a89b15a8f8a0802c
(35171, 'a3fead517f222309a89b15a8f8a0802c', '2', 35186)
